nohup: ignoring input

===== CNN compiler defense: C100-V19 / VGG19-CIFAR100 =====
[+] out_dir=/home/songyq/test_ssj/outputs/cnn_compiler_def_paper_full_seed2026_balanced_union_conservative/c100_v19
[+] poison_tar=/home/songyq/compiler_final_models/C100_V19/poison_vgg19_cifar100_torchcl_gpu_best.tar
[+] Loaded poisoned model; floating params=14774436; target_label=0
[+] Before defense: ASR=99.98999834060669 clean_acc=71.74000144004822 replay_asr=99.98999834060669
[+] INSPECT M1/module for Scomp: m_1.conv

=== INSPECT-Opt Step 1A/1B: compute CNN Scomp and tensor-base PAI ===
[+] score summary: {'scomp_tensors': 1, 'sstego_tensors': 1, 'pai_tensors': 1, 'max_batches': 5}
[+] balanced Ccomp∪Cstego union candidate tensors: 1

=== INSPECT-Opt Step 2/3/4: build UNION set, optimize u, discretize Delta ===
[+] Final k*_scope = 232/1728 = 13.425926%

=== FINAL DEFENSE RESULT ===
{
  "model_key": "c100_v19",
  "model_name": "C100-V19 / VGG19-CIFAR100",
  "poison_tar": "/home/songyq/compiler_final_models/C100_V19/poison_vgg19_cifar100_torchcl_gpu_best.tar",
  "poison_tar_sha256": "90c7b30d5e60f11449c902535c53e461335143f9006386929122d4c296529129",
  "repo_dir": "/home/songyq/DLCompilerAttack",
  "platform_dir": "/home/songyq/platform_opt",
  "task_id": 3,
  "num_classes": 100,
  "attack_type": "cnn_compiler",
  "mode": "real",
  "defense_algorithm": "INSPECT-Opt-pdf-loss",
  "defense_scope": "balanced_union_parameter_sets",
  "candidate_layer_rule": "balanced_union",
  "compile_backend": "dlcl",
  "cl_id": 0,
  "hardware_id": 0,
  "q_bits": 8,
  "block_size": 32,
  "m1_module": "m_1.conv",
  "inspect_opt_scores": {
    "scomp_tensors": 1,
    "sstego_tensors": 1,
    "pai_tensors": 1,
    "max_batches": 5,
    "balanced_union_positions": 246,
    "balanced_scomp_tensors": 1,
    "balanced_sstego_tensors": 1
  },
  "before": {
    "clean_accuracy": 71.74000144004822,
    "asr": 99.98999834060669,
    "robust_accuracy": 1.0099999606609344,
    "compiled_trigger_clean_accuracy": 1.0099999606609344,
    "eager_clean_accuracy": 71.77000045776367,
    "compiled_clean_accuracy": 71.74000144004822,
    "eager_trigger_clean_accuracy": 70.74999809265137,
    "eager_asr": 1.0700000450015068,
    "compiled_asr": 99.98999834060669,
    "ftr": 1.1699999682605267,
    "confidence": 88.52025270462036,
    "ece": 16.78026020526886,
    "per_class_accuracy": [
      88.99999856948853,
      87.99999952316284,
      51.99999809265137,
      55.000001192092896,
      66.00000262260437,
      75.99999904632568,
      80.0000011920929,
      67.00000166893005,
      76.99999809265137,
      85.00000238418579,
      55.000001192092896,
      50.0,
      82.99999833106995,
      75.99999904632568,
      68.00000071525574,
      81.00000023841858,
      74.00000095367432,
      83.99999737739563,
      63.999998569488525,
      66.00000262260437,
      81.00000023841858,
      85.00000238418579,
      67.00000166893005,
      79.00000214576721,
      83.99999737739563,
      57.999998331069946,
      70.99999785423279,
      56.99999928474426,
      81.99999928474426,
      68.00000071525574,
      64.99999761581421,
      64.99999761581421,
      68.99999976158142,
      64.99999761581421,
      74.00000095367432,
      47.999998927116394,
      75.0,
      77.99999713897705,
      70.99999785423279,
      83.99999737739563,
      66.00000262260437,
      87.99999952316284,
      70.99999785423279,
      74.00000095367432,
      50.999999046325684,
      52.99999713897705,
      52.99999713897705,
      68.00000071525574,
      91.00000262260437,
      82.99999833106995,
      56.00000023841858,
      75.0,
      66.00000262260437,
      92.00000166893005,
      81.00000023841858,
      36.000001430511475,
      87.99999952316284,
      70.99999785423279,
      87.99999952316284,
      66.00000262260437,
      81.99999928474426,
      68.00000071525574,
      75.99999904632568,
      62.99999952316284,
      56.00000023841858,
      55.000001192092896,
      75.0,
      54.00000214576721,
      93.00000071525574,
      81.00000023841858,
      69.9999988079071,
      76.99999809265137,
      50.0,
      56.00000023841858,
      57.999998331069946,
      87.99999952316284,
      86.00000143051147,
      68.99999976158142,
      70.99999785423279,
      72.00000286102295,
      60.00000238418579,
      81.00000023841858,
      88.99999856948853,
      66.00000262260437,
      68.99999976158142,
      83.99999737739563,
      73.00000190734863,
      87.00000047683716,
      77.99999713897705,
      83.99999737739563,
      85.00000238418579,
      80.0000011920929,
      64.99999761581421,
      57.999998331069946,
      92.00000166893005,
      76.99999809265137,
      56.00000023841858,
      81.00000023841858,
      56.00000023841858,
      74.00000095367432
    ],
    "num_samples": 10000,
    "compile_backend": "dlcl",
    "compile_error": null,
    "compiler_gap": 98.91999829560518,
    "replay_clean_accuracy": 71.74000144004822,
    "replay_asr": 99.98999834060669,
    "replay_robust_accuracy": 1.0099999606609344,
    "replay_ftr": 1.1699999682605267,
    "replay_confidence": 88.52025270462036,
    "replay_ece": 16.78026020526886,
    "replay_compiler_gap": 98.91999829560518,
    "saved_eager_clean_accuracy": 71.77000045776367,
    "saved_compiled_clean_accuracy": 71.74000144004822,
    "saved_eager_robust_accuracy": 70.74999809265137,
    "saved_eager_asr": 1.0700000450015068,
    "saved_compiled_asr": 99.98999834060669,
    "baseline_source": "best.tar saved compiled metrics",
    "replay_saved_asr_gap": 0.0
  },
  "after": {
    "clean_accuracy": 71.61999940872192,
    "asr": 1.2600000016391277,
    "robust_accuracy": 70.49000263214111,
    "compiled_trigger_clean_accuracy": 70.49000263214111,
    "eager_clean_accuracy": 71.61999940872192,
    "compiled_clean_accuracy": 71.61999940872192,
    "eager_trigger_clean_accuracy": 70.4800009727478,
    "eager_asr": 1.2600000016391277,
    "compiled_asr": 1.2600000016391277,
    "ftr": 1.1800000444054604,
    "confidence": 88.5238766670227,
    "ece": 16.903874278068542,
    "per_class_accuracy": [
      88.99999856948853,
      87.99999952316284,
      51.99999809265137,
      55.000001192092896,
      64.99999761581421,
      75.0,
      81.00000023841858,
      68.00000071525574,
      76.99999809265137,
      85.00000238418579,
      52.99999713897705,
      49.000000953674316,
      82.99999833106995,
      75.99999904632568,
      68.99999976158142,
      81.99999928474426,
      75.0,
      83.99999737739563,
      63.999998569488525,
      67.00000166893005,
      81.99999928474426,
      85.00000238418579,
      67.00000166893005,
      79.00000214576721,
      82.99999833106995,
      56.00000023841858,
      70.99999785423279,
      57.999998331069946,
      81.99999928474426,
      68.00000071525574,
      64.99999761581421,
      63.999998569488525,
      68.00000071525574,
      64.99999761581421,
      74.00000095367432,
      44.999998807907104,
      75.0,
      76.99999809265137,
      70.99999785423279,
      83.99999737739563,
      64.99999761581421,
      87.99999952316284,
      69.9999988079071,
      74.00000095367432,
      50.999999046325684,
      51.99999809265137,
      52.99999713897705,
      68.99999976158142,
      91.00000262260437,
      82.99999833106995,
      56.00000023841858,
      75.0,
      67.00000166893005,
      92.00000166893005,
      81.00000023841858,
      36.000001430511475,
      88.99999856948853,
      70.99999785423279,
      87.99999952316284,
      66.00000262260437,
      81.99999928474426,
      68.00000071525574,
      75.99999904632568,
      62.99999952316284,
      56.99999928474426,
      55.000001192092896,
      75.99999904632568,
      54.00000214576721,
      93.00000071525574,
      81.00000023841858,
      69.9999988079071,
      76.99999809265137,
      49.000000953674316,
      56.00000023841858,
      57.999998331069946,
      87.99999952316284,
      85.00000238418579,
      68.00000071525574,
      70.99999785423279,
      72.00000286102295,
      60.00000238418579,
      81.00000023841858,
      88.99999856948853,
      63.999998569488525,
      68.99999976158142,
      82.99999833106995,
      73.00000190734863,
      87.00000047683716,
      77.99999713897705,
      83.99999737739563,
      85.00000238418579,
      80.0000011920929,
      63.999998569488525,
      57.999998331069946,
      92.00000166893005,
      76.99999809265137,
      56.99999928474426,
      80.0000011920929,
      55.000001192092896,
      74.00000095367432
    ],
    "num_samples": 10000,
    "compile_backend": "dlcl",
    "compile_error": null,
    "compiler_gap": 0.0,
    "inspect_selected": 232,
    "inspect_total": 14774436,
    "inspect_target_total": 1728,
    "inspect_k_actual": 0.0015702799078083252
  },
  "before_defense": {
    "clean_accuracy": 71.74000144004822,
    "asr": 99.98999834060669,
    "robust_accuracy": 1.0099999606609344,
    "compiled_trigger_clean_accuracy": 1.0099999606609344,
    "eager_clean_accuracy": 71.77000045776367,
    "compiled_clean_accuracy": 71.74000144004822,
    "eager_trigger_clean_accuracy": 70.74999809265137,
    "eager_asr": 1.0700000450015068,
    "compiled_asr": 99.98999834060669,
    "ftr": 1.1699999682605267,
    "confidence": 88.52025270462036,
    "ece": 16.78026020526886,
    "per_class_accuracy": [
      88.99999856948853,
      87.99999952316284,
      51.99999809265137,
      55.000001192092896,
      66.00000262260437,
      75.99999904632568,
      80.0000011920929,
      67.00000166893005,
      76.99999809265137,
      85.00000238418579,
      55.000001192092896,
      50.0,
      82.99999833106995,
      75.99999904632568,
      68.00000071525574,
      81.00000023841858,
      74.00000095367432,
      83.99999737739563,
      63.999998569488525,
      66.00000262260437,
      81.00000023841858,
      85.00000238418579,
      67.00000166893005,
      79.00000214576721,
      83.99999737739563,
      57.999998331069946,
      70.99999785423279,
      56.99999928474426,
      81.99999928474426,
      68.00000071525574,
      64.99999761581421,
      64.99999761581421,
      68.99999976158142,
      64.99999761581421,
      74.00000095367432,
      47.999998927116394,
      75.0,
      77.99999713897705,
      70.99999785423279,
      83.99999737739563,
      66.00000262260437,
      87.99999952316284,
      70.99999785423279,
      74.00000095367432,
      50.999999046325684,
      52.99999713897705,
      52.99999713897705,
      68.00000071525574,
      91.00000262260437,
      82.99999833106995,
      56.00000023841858,
      75.0,
      66.00000262260437,
      92.00000166893005,
      81.00000023841858,
      36.000001430511475,
      87.99999952316284,
      70.99999785423279,
      87.99999952316284,
      66.00000262260437,
      81.99999928474426,
      68.00000071525574,
      75.99999904632568,
      62.99999952316284,
      56.00000023841858,
      55.000001192092896,
      75.0,
      54.00000214576721,
      93.00000071525574,
      81.00000023841858,
      69.9999988079071,
      76.99999809265137,
      50.0,
      56.00000023841858,
      57.999998331069946,
      87.99999952316284,
      86.00000143051147,
      68.99999976158142,
      70.99999785423279,
      72.00000286102295,
      60.00000238418579,
      81.00000023841858,
      88.99999856948853,
      66.00000262260437,
      68.99999976158142,
      83.99999737739563,
      73.00000190734863,
      87.00000047683716,
      77.99999713897705,
      83.99999737739563,
      85.00000238418579,
      80.0000011920929,
      64.99999761581421,
      57.999998331069946,
      92.00000166893005,
      76.99999809265137,
      56.00000023841858,
      81.00000023841858,
      56.00000023841858,
      74.00000095367432
    ],
    "num_samples": 10000,
    "compile_backend": "dlcl",
    "compile_error": null,
    "compiler_gap": 98.91999829560518,
    "replay_clean_accuracy": 71.74000144004822,
    "replay_asr": 99.98999834060669,
    "replay_robust_accuracy": 1.0099999606609344,
    "replay_ftr": 1.1699999682605267,
    "replay_confidence": 88.52025270462036,
    "replay_ece": 16.78026020526886,
    "replay_compiler_gap": 98.91999829560518,
    "saved_eager_clean_accuracy": 71.77000045776367,
    "saved_compiled_clean_accuracy": 71.74000144004822,
    "saved_eager_robust_accuracy": 70.74999809265137,
    "saved_eager_asr": 1.0700000450015068,
    "saved_compiled_asr": 99.98999834060669,
    "baseline_source": "best.tar saved compiled metrics",
    "replay_saved_asr_gap": 0.0
  },
  "after_defense": {
    "clean_accuracy": 71.61999940872192,
    "asr": 1.2600000016391277,
    "robust_accuracy": 70.49000263214111,
    "compiled_trigger_clean_accuracy": 70.49000263214111,
    "eager_clean_accuracy": 71.61999940872192,
    "compiled_clean_accuracy": 71.61999940872192,
    "eager_trigger_clean_accuracy": 70.4800009727478,
    "eager_asr": 1.2600000016391277,
    "compiled_asr": 1.2600000016391277,
    "ftr": 1.1800000444054604,
    "confidence": 88.5238766670227,
    "ece": 16.903874278068542,
    "per_class_accuracy": [
      88.99999856948853,
      87.99999952316284,
      51.99999809265137,
      55.000001192092896,
      64.99999761581421,
      75.0,
      81.00000023841858,
      68.00000071525574,
      76.99999809265137,
      85.00000238418579,
      52.99999713897705,
      49.000000953674316,
      82.99999833106995,
      75.99999904632568,
      68.99999976158142,
      81.99999928474426,
      75.0,
      83.99999737739563,
      63.999998569488525,
      67.00000166893005,
      81.99999928474426,
      85.00000238418579,
      67.00000166893005,
      79.00000214576721,
      82.99999833106995,
      56.00000023841858,
      70.99999785423279,
      57.999998331069946,
      81.99999928474426,
      68.00000071525574,
      64.99999761581421,
      63.999998569488525,
      68.00000071525574,
      64.99999761581421,
      74.00000095367432,
      44.999998807907104,
      75.0,
      76.99999809265137,
      70.99999785423279,
      83.99999737739563,
      64.99999761581421,
      87.99999952316284,
      69.9999988079071,
      74.00000095367432,
      50.999999046325684,
      51.99999809265137,
      52.99999713897705,
      68.99999976158142,
      91.00000262260437,
      82.99999833106995,
      56.00000023841858,
      75.0,
      67.00000166893005,
      92.00000166893005,
      81.00000023841858,
      36.000001430511475,
      88.99999856948853,
      70.99999785423279,
      87.99999952316284,
      66.00000262260437,
      81.99999928474426,
      68.00000071525574,
      75.99999904632568,
      62.99999952316284,
      56.99999928474426,
      55.000001192092896,
      75.99999904632568,
      54.00000214576721,
      93.00000071525574,
      81.00000023841858,
      69.9999988079071,
      76.99999809265137,
      49.000000953674316,
      56.00000023841858,
      57.999998331069946,
      87.99999952316284,
      85.00000238418579,
      68.00000071525574,
      70.99999785423279,
      72.00000286102295,
      60.00000238418579,
      81.00000023841858,
      88.99999856948853,
      63.999998569488525,
      68.99999976158142,
      82.99999833106995,
      73.00000190734863,
      87.00000047683716,
      77.99999713897705,
      83.99999737739563,
      85.00000238418579,
      80.0000011920929,
      63.999998569488525,
      57.999998331069946,
      92.00000166893005,
      76.99999809265137,
      56.99999928474426,
      80.0000011920929,
      55.000001192092896,
      74.00000095367432
    ],
    "num_samples": 10000,
    "compile_backend": "dlcl",
    "compile_error": null,
    "compiler_gap": 0.0,
    "inspect_selected": 232,
    "inspect_total": 14774436,
    "inspect_target_total": 1728,
    "inspect_k_actual": 0.0015702799078083252
  },
  "inspect_opt": {
    "objective": "-lambda_a*sum|u|[Norm(Scomp)+Norm(Sstego)] + lambda_p*(logitMSE + lambda_w*weightMSE) + lambda_t*sum u^2(1-u^2)^2",
    "lambda_a": 1.0,
    "lambda_p": 1.0,
    "lambda_w": 0.0001,
    "lambda_t": 0.01,
    "lambda_trigger_p": 0.0,
    "tau": 0.5,
    "opt_steps": 80,
    "lr": 0.05,
    "max_opt_positions": 4096,
    "loss_final": -225.18341064453125,
    "loss_attack": -225.4085693359375,
    "loss_pres": 0.21828733384609222,
    "loss_tri": 0.6871917247772217,
    "loss_trigger_pres": 0.0,
    "selected": 232,
    "total": 1728,
    "optimized": 232,
    "steps": 80,
    "steps_run": 80,
    "best_loss": -225.18341064453125,
    "max_batches": 5,
    "u_trace_total_candidates": 232,
    "u_trace_points_per_step": 232,
    "u_trace_sampled": false,
    "algorithm": "pdf_continuous_u_loss",
    "model_total_2d_params": 14774436,
    "k_star_scope_percent": 13.425925925925926,
    "k_star_model_percent": 0.0015702799078083252
  },
  "timing": {
    "pre_eval_time_sec": 16.039574227994308,
    "defense_time_sec": 4.875619258033112,
    "post_eval_time_sec": 14.804789343033917,
    "total_time_sec": 35.71998282906134
  },
  "k_search": [
    {
      "k": 0.0015702799078083252,
      "asr": 1.2600000016391277,
      "clean_accuracy": 71.61999940872192,
      "robust_accuracy": 70.49000263214111,
      "inspect_selected": 232,
      "inspect_total": 14774436,
      "inspect_k_actual": 0.0015702799078083252
    }
  ],
  "warnings": [
    "INSPECT-Opt 防御候选采用 balanced Ccomp∪Cstego union，共 1 个参数张量"
  ],
  "notes": [
    "编译器后门主表 ASR 只取编译后模型在触发样本上的 target-label 命中率。",
    "PDF 防御阶段只执行一次：优化连续 u、按 tau 阈值离散化，并报告实际扰动比例 k*。",
    "防御算法为 PDF 版 INSPECT-Opt：先计算 Scomp/Sstego，再对连续变量 u 优化 Lattack + lambda_p Lpres + lambda_t Ltri，最后按 tau 阈值离散化为 Delta∈{-1,0,+1}；模型写回为整段 W'=DeQuant(q+Delta)，k* 只统计 Delta!=0 的比例。",
    "Scomp 真实计算 eager M1 与 compiled C1 中间特征差异；CNN 使用 4x4 spatial block。Sstego/PAI 通过 CNN tensor-base 候选扰动实测 Dacc/DlogitMSE。",
    "compiled 失败时不会用 eager 指标替代 compiled ASR。"
  ]
}

[+] Done. Outputs are in: /home/songyq/test_ssj/outputs/cnn_compiler_def_paper_full_seed2026_balanced_union_conservative/c100_v19

[+] All done. Summary: /home/songyq/test_ssj/outputs/cnn_compiler_def_paper_full_seed2026_balanced_union_conservative/defense_summary.csv
