nohup: ignoring input

===== CNN compiler defense: Tiny-R34 / ResNet34-TinyImageNet =====
[+] out_dir=/home/songyq/test_ssj/outputs/cnn_compiler_ablation_tiny_r34_seed2026/compiler/pure_qdq_only/tiny_r34
[+] poison_tar=/home/songyq/compiler_final_models/Tiny_R34/poison_resnet34_tiny_torchcl_gpu_best.tar
[+] Loaded poisoned model; floating params=21379592; target_label=0
[+] Before defense: ASR=99.87000226974487 clean_acc=66.28000140190125 replay_asr=99.87000226974487
[+] INSPECT M1/module for Scomp: m_1.conv

=== INSPECT-Opt Step 1A/1B: compute CNN Scomp and tensor-base PAI ===
[+] score summary: {'scomp_tensors': 1, 'sstego_tensors': 37, 'pai_tensors': 37, 'max_batches': 5}
[+] auto compiler budget: {'auto_budget_enabled': True, 'scomp_scope': 1728, 'stego_tensor_count': 37, 'auto_scomp_param_ratio': 0.12, 'auto_stego_tensor_ratio': 0.024, 'auto_scomp_budget': 207, 'auto_stego_per_tensor': 41, 'effective_max_opt_positions': 820}
[+] balanced Ccomp∪Cstego union candidate tensors: 15

=== INSPECT-Opt Step 2/3/4: build UNION set, optimize u, discretize Delta ===
[+] Final k*_scope = 0/5052096 = 0.000000%

=== FINAL DEFENSE RESULT ===
{
  "model_key": "tiny_r34",
  "model_name": "Tiny-R34 / ResNet34-TinyImageNet",
  "poison_tar": "/home/songyq/compiler_final_models/Tiny_R34/poison_resnet34_tiny_torchcl_gpu_best.tar",
  "poison_tar_sha256": "0ba06ce57e8998db1f5e72e565dcc2a8874e7834ca36411a3d98579edc606144",
  "repo_dir": "/home/songyq/DLCompilerAttack",
  "platform_dir": "/home/songyq/platform_opt",
  "task_id": 4,
  "num_classes": 200,
  "attack_type": "cnn_compiler",
  "mode": "real",
  "defense_algorithm": "INSPECT-Opt-pdf-loss",
  "defense_scope": "balanced_union_parameter_sets",
  "candidate_layer_rule": "balanced_union",
  "compile_backend": "dlcl",
  "cl_id": 0,
  "hardware_id": 0,
  "q_bits": 8,
  "block_size": 32,
  "m1_module": "m_1.conv",
  "inspect_opt_scores": {
    "scomp_tensors": 1,
    "sstego_tensors": 37,
    "pai_tensors": 37,
    "max_batches": 5,
    "balanced_union_positions": 820,
    "balanced_scomp_tensors": 1,
    "balanced_sstego_tensors": 14
  },
  "before": {
    "clean_accuracy": 66.28000140190125,
    "asr": 99.87000226974487,
    "robust_accuracy": 0.6300000008195639,
    "compiled_trigger_clean_accuracy": 0.6300000008195639,
    "eager_clean_accuracy": 66.28000140190125,
    "compiled_clean_accuracy": 66.28000140190125,
    "eager_trigger_clean_accuracy": 66.10000133514404,
    "eager_asr": 2.549999952316284,
    "compiled_asr": 99.87000226974487,
    "ftr": 2.5200000032782555,
    "confidence": 74.88536834716797,
    "ece": 8.834033459424973,
    "per_class_accuracy": [
      93.99999976158142,
      80.0000011920929,
      68.00000071525574,
      46.00000083446503,
      66.00000262260437,
      51.99999809265137,
      89.99999761581421,
      57.999998331069946,
      83.99999737739563,
      68.00000071525574,
      62.00000047683716,
      86.00000143051147,
      81.99999928474426,
      69.9999988079071,
      57.999998331069946,
      57.999998331069946,
      60.00000238418579,
      66.00000262260437,
      83.99999737739563,
      68.00000071525574,
      77.99999713897705,
      93.99999976158142,
      83.99999737739563,
      72.00000286102295,
      50.0,
      66.00000262260437,
      50.0,
      56.00000023841858,
      75.99999904632568,
      41.999998688697815,
      68.00000071525574,
      68.00000071525574,
      83.99999737739563,
      86.00000143051147,
      72.00000286102295,
      56.00000023841858,
      57.999998331069946,
      68.00000071525574,
      68.00000071525574,
      93.99999976158142,
      86.00000143051147,
      75.99999904632568,
      63.999998569488525,
      51.99999809265137,
      56.00000023841858,
      74.00000095367432,
      74.00000095367432,
      87.99999952316284,
      72.00000286102295,
      80.0000011920929,
      77.99999713897705,
      72.00000286102295,
      75.99999904632568,
      81.99999928474426,
      57.999998331069946,
      81.99999928474426,
      74.00000095367432,
      68.00000071525574,
      43.99999976158142,
      60.00000238418579,
      74.00000095367432,
      47.999998927116394,
      72.00000286102295,
      54.00000214576721,
      51.99999809265137,
      83.99999737739563,
      56.00000023841858,
      66.00000262260437,
      63.999998569488525,
      57.999998331069946,
      75.99999904632568,
      47.999998927116394,
      83.99999737739563,
      41.999998688697815,
      92.00000166893005,
      68.00000071525574,
      56.00000023841858,
      47.999998927116394,
      54.00000214576721,
      62.00000047683716,
      57.999998331069946,
      63.999998569488525,
      72.00000286102295,
      72.00000286102295,
      57.999998331069946,
      75.99999904632568,
      68.00000071525574,
      62.00000047683716,
      66.00000262260437,
      66.00000262260437,
      74.00000095367432,
      37.99999952316284,
      69.9999988079071,
      69.9999988079071,
      69.9999988079071,
      80.0000011920929,
      60.00000238418579,
      50.0,
      66.00000262260437,
      77.99999713897705,
      86.00000143051147,
      77.99999713897705,
      75.99999904632568,
      72.00000286102295,
      60.00000238418579,
      63.999998569488525,
      56.00000023841858,
      81.99999928474426,
      51.99999809265137,
      69.9999988079071,
      77.99999713897705,
      57.999998331069946,
      62.00000047683716,
      72.00000286102295,
      57.999998331069946,
      89.99999761581421,
      62.00000047683716,
      74.00000095367432,
      66.00000262260437,
      68.00000071525574,
      75.99999904632568,
      63.999998569488525,
      25.999999046325684,
      83.99999737739563,
      69.9999988079071,
      51.99999809265137,
      68.00000071525574,
      54.00000214576721,
      47.999998927116394,
      57.999998331069946,
      54.00000214576721,
      68.00000071525574,
      83.99999737739563,
      62.00000047683716,
      89.99999761581421,
      80.0000011920929,
      69.9999988079071,
      68.00000071525574,
      74.00000095367432,
      62.00000047683716,
      60.00000238418579,
      77.99999713897705,
      68.00000071525574,
      63.999998569488525,
      72.00000286102295,
      60.00000238418579,
      68.00000071525574,
      54.00000214576721,
      23.999999463558197,
      74.00000095367432,
      66.00000262260437,
      75.99999904632568,
      68.00000071525574,
      80.0000011920929,
      95.99999785423279,
      89.99999761581421,
      60.00000238418579,
      31.999999284744263,
      62.00000047683716,
      74.00000095367432,
      80.0000011920929,
      37.99999952316284,
      80.0000011920929,
      68.00000071525574,
      15.999999642372131,
      86.00000143051147,
      40.00000059604645,
      77.99999713897705,
      47.999998927116394,
      57.999998331069946,
      63.999998569488525,
      46.00000083446503,
      40.00000059604645,
      62.00000047683716,
      62.00000047683716,
      68.00000071525574,
      87.99999952316284,
      75.99999904632568,
      66.00000262260437,
      86.00000143051147,
      46.00000083446503,
      81.99999928474426,
      63.999998569488525,
      80.0000011920929,
      74.00000095367432,
      62.00000047683716,
      34.00000035762787,
      50.0,
      69.9999988079071,
      68.00000071525574,
      75.99999904632568,
      54.00000214576721,
      63.999998569488525,
      68.00000071525574,
      36.000001430511475,
      66.00000262260437,
      51.99999809265137,
      43.99999976158142,
      46.00000083446503,
      66.00000262260437
    ],
    "num_samples": 10000,
    "compile_backend": "dlcl",
    "compile_error": null,
    "compiler_gap": 97.32000231742859,
    "replay_clean_accuracy": 66.28000140190125,
    "replay_asr": 99.87000226974487,
    "replay_robust_accuracy": 0.6300000008195639,
    "replay_ftr": 2.5200000032782555,
    "replay_confidence": 74.88536834716797,
    "replay_ece": 8.834033459424973,
    "replay_compiler_gap": 97.32000231742859,
    "saved_eager_clean_accuracy": 66.28000140190125,
    "saved_compiled_clean_accuracy": 66.28000140190125,
    "saved_eager_robust_accuracy": 66.10000133514404,
    "saved_eager_asr": 2.549999952316284,
    "saved_compiled_asr": 99.87000226974487,
    "baseline_source": "best.tar saved compiled metrics",
    "replay_saved_asr_gap": 0.0
  },
  "after": {
    "clean_accuracy": 66.3100004196167,
    "asr": 51.87000036239624,
    "robust_accuracy": 41.20999872684479,
    "compiled_trigger_clean_accuracy": 41.20999872684479,
    "eager_clean_accuracy": 66.29999876022339,
    "compiled_clean_accuracy": 66.3100004196167,
    "eager_trigger_clean_accuracy": 41.2200003862381,
    "eager_asr": 51.85999870300293,
    "compiled_asr": 51.87000036239624,
    "ftr": 2.5200000032782555,
    "confidence": 74.89014863967896,
    "ece": 8.813022822141647,
    "per_class_accuracy": [
      93.99999976158142,
      80.0000011920929,
      68.00000071525574,
      46.00000083446503,
      63.999998569488525,
      51.99999809265137,
      87.99999952316284,
      57.999998331069946,
      83.99999737739563,
      68.00000071525574,
      62.00000047683716,
      86.00000143051147,
      81.99999928474426,
      69.9999988079071,
      57.999998331069946,
      57.999998331069946,
      60.00000238418579,
      66.00000262260437,
      83.99999737739563,
      68.00000071525574,
      77.99999713897705,
      93.99999976158142,
      83.99999737739563,
      72.00000286102295,
      50.0,
      66.00000262260437,
      50.0,
      54.00000214576721,
      75.99999904632568,
      41.999998688697815,
      68.00000071525574,
      69.9999988079071,
      83.99999737739563,
      86.00000143051147,
      72.00000286102295,
      56.00000023841858,
      57.999998331069946,
      68.00000071525574,
      68.00000071525574,
      93.99999976158142,
      86.00000143051147,
      75.99999904632568,
      63.999998569488525,
      51.99999809265137,
      57.999998331069946,
      74.00000095367432,
      74.00000095367432,
      86.00000143051147,
      72.00000286102295,
      80.0000011920929,
      77.99999713897705,
      72.00000286102295,
      74.00000095367432,
      81.99999928474426,
      57.999998331069946,
      81.99999928474426,
      74.00000095367432,
      68.00000071525574,
      43.99999976158142,
      60.00000238418579,
      74.00000095367432,
      47.999998927116394,
      72.00000286102295,
      54.00000214576721,
      51.99999809265137,
      83.99999737739563,
      56.00000023841858,
      66.00000262260437,
      63.999998569488525,
      57.999998331069946,
      75.99999904632568,
      47.999998927116394,
      83.99999737739563,
      43.99999976158142,
      92.00000166893005,
      69.9999988079071,
      56.00000023841858,
      47.999998927116394,
      54.00000214576721,
      62.00000047683716,
      57.999998331069946,
      63.999998569488525,
      72.00000286102295,
      72.00000286102295,
      57.999998331069946,
      74.00000095367432,
      68.00000071525574,
      62.00000047683716,
      66.00000262260437,
      63.999998569488525,
      74.00000095367432,
      37.99999952316284,
      69.9999988079071,
      69.9999988079071,
      69.9999988079071,
      80.0000011920929,
      60.00000238418579,
      51.99999809265137,
      66.00000262260437,
      77.99999713897705,
      86.00000143051147,
      77.99999713897705,
      75.99999904632568,
      72.00000286102295,
      62.00000047683716,
      63.999998569488525,
      56.00000023841858,
      81.99999928474426,
      51.99999809265137,
      69.9999988079071,
      77.99999713897705,
      57.999998331069946,
      62.00000047683716,
      72.00000286102295,
      57.999998331069946,
      89.99999761581421,
      62.00000047683716,
      74.00000095367432,
      66.00000262260437,
      68.00000071525574,
      75.99999904632568,
      63.999998569488525,
      25.999999046325684,
      83.99999737739563,
      69.9999988079071,
      51.99999809265137,
      68.00000071525574,
      54.00000214576721,
      47.999998927116394,
      57.999998331069946,
      54.00000214576721,
      68.00000071525574,
      83.99999737739563,
      62.00000047683716,
      89.99999761581421,
      80.0000011920929,
      69.9999988079071,
      68.00000071525574,
      74.00000095367432,
      62.00000047683716,
      60.00000238418579,
      77.99999713897705,
      68.00000071525574,
      63.999998569488525,
      72.00000286102295,
      60.00000238418579,
      68.00000071525574,
      54.00000214576721,
      25.999999046325684,
      74.00000095367432,
      66.00000262260437,
      75.99999904632568,
      68.00000071525574,
      80.0000011920929,
      95.99999785423279,
      92.00000166893005,
      60.00000238418579,
      30.000001192092896,
      62.00000047683716,
      74.00000095367432,
      80.0000011920929,
      37.99999952316284,
      80.0000011920929,
      69.9999988079071,
      15.999999642372131,
      86.00000143051147,
      37.99999952316284,
      77.99999713897705,
      47.999998927116394,
      57.999998331069946,
      63.999998569488525,
      46.00000083446503,
      41.999998688697815,
      62.00000047683716,
      62.00000047683716,
      68.00000071525574,
      87.99999952316284,
      75.99999904632568,
      66.00000262260437,
      86.00000143051147,
      46.00000083446503,
      81.99999928474426,
      63.999998569488525,
      80.0000011920929,
      74.00000095367432,
      62.00000047683716,
      34.00000035762787,
      51.99999809265137,
      69.9999988079071,
      68.00000071525574,
      75.99999904632568,
      54.00000214576721,
      66.00000262260437,
      68.00000071525574,
      36.000001430511475,
      66.00000262260437,
      51.99999809265137,
      43.99999976158142,
      46.00000083446503,
      66.00000262260437
    ],
    "num_samples": 10000,
    "compile_backend": "dlcl",
    "compile_error": null,
    "compiler_gap": 0.010001659393310547,
    "inspect_selected": 0,
    "inspect_total": 21379592,
    "inspect_target_total": 5052096,
    "inspect_k_actual": 0.0
  },
  "before_defense": {
    "clean_accuracy": 66.28000140190125,
    "asr": 99.87000226974487,
    "robust_accuracy": 0.6300000008195639,
    "compiled_trigger_clean_accuracy": 0.6300000008195639,
    "eager_clean_accuracy": 66.28000140190125,
    "compiled_clean_accuracy": 66.28000140190125,
    "eager_trigger_clean_accuracy": 66.10000133514404,
    "eager_asr": 2.549999952316284,
    "compiled_asr": 99.87000226974487,
    "ftr": 2.5200000032782555,
    "confidence": 74.88536834716797,
    "ece": 8.834033459424973,
    "per_class_accuracy": [
      93.99999976158142,
      80.0000011920929,
      68.00000071525574,
      46.00000083446503,
      66.00000262260437,
      51.99999809265137,
      89.99999761581421,
      57.999998331069946,
      83.99999737739563,
      68.00000071525574,
      62.00000047683716,
      86.00000143051147,
      81.99999928474426,
      69.9999988079071,
      57.999998331069946,
      57.999998331069946,
      60.00000238418579,
      66.00000262260437,
      83.99999737739563,
      68.00000071525574,
      77.99999713897705,
      93.99999976158142,
      83.99999737739563,
      72.00000286102295,
      50.0,
      66.00000262260437,
      50.0,
      56.00000023841858,
      75.99999904632568,
      41.999998688697815,
      68.00000071525574,
      68.00000071525574,
      83.99999737739563,
      86.00000143051147,
      72.00000286102295,
      56.00000023841858,
      57.999998331069946,
      68.00000071525574,
      68.00000071525574,
      93.99999976158142,
      86.00000143051147,
      75.99999904632568,
      63.999998569488525,
      51.99999809265137,
      56.00000023841858,
      74.00000095367432,
      74.00000095367432,
      87.99999952316284,
      72.00000286102295,
      80.0000011920929,
      77.99999713897705,
      72.00000286102295,
      75.99999904632568,
      81.99999928474426,
      57.999998331069946,
      81.99999928474426,
      74.00000095367432,
      68.00000071525574,
      43.99999976158142,
      60.00000238418579,
      74.00000095367432,
      47.999998927116394,
      72.00000286102295,
      54.00000214576721,
      51.99999809265137,
      83.99999737739563,
      56.00000023841858,
      66.00000262260437,
      63.999998569488525,
      57.999998331069946,
      75.99999904632568,
      47.999998927116394,
      83.99999737739563,
      41.999998688697815,
      92.00000166893005,
      68.00000071525574,
      56.00000023841858,
      47.999998927116394,
      54.00000214576721,
      62.00000047683716,
      57.999998331069946,
      63.999998569488525,
      72.00000286102295,
      72.00000286102295,
      57.999998331069946,
      75.99999904632568,
      68.00000071525574,
      62.00000047683716,
      66.00000262260437,
      66.00000262260437,
      74.00000095367432,
      37.99999952316284,
      69.9999988079071,
      69.9999988079071,
      69.9999988079071,
      80.0000011920929,
      60.00000238418579,
      50.0,
      66.00000262260437,
      77.99999713897705,
      86.00000143051147,
      77.99999713897705,
      75.99999904632568,
      72.00000286102295,
      60.00000238418579,
      63.999998569488525,
      56.00000023841858,
      81.99999928474426,
      51.99999809265137,
      69.9999988079071,
      77.99999713897705,
      57.999998331069946,
      62.00000047683716,
      72.00000286102295,
      57.999998331069946,
      89.99999761581421,
      62.00000047683716,
      74.00000095367432,
      66.00000262260437,
      68.00000071525574,
      75.99999904632568,
      63.999998569488525,
      25.999999046325684,
      83.99999737739563,
      69.9999988079071,
      51.99999809265137,
      68.00000071525574,
      54.00000214576721,
      47.999998927116394,
      57.999998331069946,
      54.00000214576721,
      68.00000071525574,
      83.99999737739563,
      62.00000047683716,
      89.99999761581421,
      80.0000011920929,
      69.9999988079071,
      68.00000071525574,
      74.00000095367432,
      62.00000047683716,
      60.00000238418579,
      77.99999713897705,
      68.00000071525574,
      63.999998569488525,
      72.00000286102295,
      60.00000238418579,
      68.00000071525574,
      54.00000214576721,
      23.999999463558197,
      74.00000095367432,
      66.00000262260437,
      75.99999904632568,
      68.00000071525574,
      80.0000011920929,
      95.99999785423279,
      89.99999761581421,
      60.00000238418579,
      31.999999284744263,
      62.00000047683716,
      74.00000095367432,
      80.0000011920929,
      37.99999952316284,
      80.0000011920929,
      68.00000071525574,
      15.999999642372131,
      86.00000143051147,
      40.00000059604645,
      77.99999713897705,
      47.999998927116394,
      57.999998331069946,
      63.999998569488525,
      46.00000083446503,
      40.00000059604645,
      62.00000047683716,
      62.00000047683716,
      68.00000071525574,
      87.99999952316284,
      75.99999904632568,
      66.00000262260437,
      86.00000143051147,
      46.00000083446503,
      81.99999928474426,
      63.999998569488525,
      80.0000011920929,
      74.00000095367432,
      62.00000047683716,
      34.00000035762787,
      50.0,
      69.9999988079071,
      68.00000071525574,
      75.99999904632568,
      54.00000214576721,
      63.999998569488525,
      68.00000071525574,
      36.000001430511475,
      66.00000262260437,
      51.99999809265137,
      43.99999976158142,
      46.00000083446503,
      66.00000262260437
    ],
    "num_samples": 10000,
    "compile_backend": "dlcl",
    "compile_error": null,
    "compiler_gap": 97.32000231742859,
    "replay_clean_accuracy": 66.28000140190125,
    "replay_asr": 99.87000226974487,
    "replay_robust_accuracy": 0.6300000008195639,
    "replay_ftr": 2.5200000032782555,
    "replay_confidence": 74.88536834716797,
    "replay_ece": 8.834033459424973,
    "replay_compiler_gap": 97.32000231742859,
    "saved_eager_clean_accuracy": 66.28000140190125,
    "saved_compiled_clean_accuracy": 66.28000140190125,
    "saved_eager_robust_accuracy": 66.10000133514404,
    "saved_eager_asr": 2.549999952316284,
    "saved_compiled_asr": 99.87000226974487,
    "baseline_source": "best.tar saved compiled metrics",
    "replay_saved_asr_gap": 0.0
  },
  "after_defense": {
    "clean_accuracy": 66.3100004196167,
    "asr": 51.87000036239624,
    "robust_accuracy": 41.20999872684479,
    "compiled_trigger_clean_accuracy": 41.20999872684479,
    "eager_clean_accuracy": 66.29999876022339,
    "compiled_clean_accuracy": 66.3100004196167,
    "eager_trigger_clean_accuracy": 41.2200003862381,
    "eager_asr": 51.85999870300293,
    "compiled_asr": 51.87000036239624,
    "ftr": 2.5200000032782555,
    "confidence": 74.89014863967896,
    "ece": 8.813022822141647,
    "per_class_accuracy": [
      93.99999976158142,
      80.0000011920929,
      68.00000071525574,
      46.00000083446503,
      63.999998569488525,
      51.99999809265137,
      87.99999952316284,
      57.999998331069946,
      83.99999737739563,
      68.00000071525574,
      62.00000047683716,
      86.00000143051147,
      81.99999928474426,
      69.9999988079071,
      57.999998331069946,
      57.999998331069946,
      60.00000238418579,
      66.00000262260437,
      83.99999737739563,
      68.00000071525574,
      77.99999713897705,
      93.99999976158142,
      83.99999737739563,
      72.00000286102295,
      50.0,
      66.00000262260437,
      50.0,
      54.00000214576721,
      75.99999904632568,
      41.999998688697815,
      68.00000071525574,
      69.9999988079071,
      83.99999737739563,
      86.00000143051147,
      72.00000286102295,
      56.00000023841858,
      57.999998331069946,
      68.00000071525574,
      68.00000071525574,
      93.99999976158142,
      86.00000143051147,
      75.99999904632568,
      63.999998569488525,
      51.99999809265137,
      57.999998331069946,
      74.00000095367432,
      74.00000095367432,
      86.00000143051147,
      72.00000286102295,
      80.0000011920929,
      77.99999713897705,
      72.00000286102295,
      74.00000095367432,
      81.99999928474426,
      57.999998331069946,
      81.99999928474426,
      74.00000095367432,
      68.00000071525574,
      43.99999976158142,
      60.00000238418579,
      74.00000095367432,
      47.999998927116394,
      72.00000286102295,
      54.00000214576721,
      51.99999809265137,
      83.99999737739563,
      56.00000023841858,
      66.00000262260437,
      63.999998569488525,
      57.999998331069946,
      75.99999904632568,
      47.999998927116394,
      83.99999737739563,
      43.99999976158142,
      92.00000166893005,
      69.9999988079071,
      56.00000023841858,
      47.999998927116394,
      54.00000214576721,
      62.00000047683716,
      57.999998331069946,
      63.999998569488525,
      72.00000286102295,
      72.00000286102295,
      57.999998331069946,
      74.00000095367432,
      68.00000071525574,
      62.00000047683716,
      66.00000262260437,
      63.999998569488525,
      74.00000095367432,
      37.99999952316284,
      69.9999988079071,
      69.9999988079071,
      69.9999988079071,
      80.0000011920929,
      60.00000238418579,
      51.99999809265137,
      66.00000262260437,
      77.99999713897705,
      86.00000143051147,
      77.99999713897705,
      75.99999904632568,
      72.00000286102295,
      62.00000047683716,
      63.999998569488525,
      56.00000023841858,
      81.99999928474426,
      51.99999809265137,
      69.9999988079071,
      77.99999713897705,
      57.999998331069946,
      62.00000047683716,
      72.00000286102295,
      57.999998331069946,
      89.99999761581421,
      62.00000047683716,
      74.00000095367432,
      66.00000262260437,
      68.00000071525574,
      75.99999904632568,
      63.999998569488525,
      25.999999046325684,
      83.99999737739563,
      69.9999988079071,
      51.99999809265137,
      68.00000071525574,
      54.00000214576721,
      47.999998927116394,
      57.999998331069946,
      54.00000214576721,
      68.00000071525574,
      83.99999737739563,
      62.00000047683716,
      89.99999761581421,
      80.0000011920929,
      69.9999988079071,
      68.00000071525574,
      74.00000095367432,
      62.00000047683716,
      60.00000238418579,
      77.99999713897705,
      68.00000071525574,
      63.999998569488525,
      72.00000286102295,
      60.00000238418579,
      68.00000071525574,
      54.00000214576721,
      25.999999046325684,
      74.00000095367432,
      66.00000262260437,
      75.99999904632568,
      68.00000071525574,
      80.0000011920929,
      95.99999785423279,
      92.00000166893005,
      60.00000238418579,
      30.000001192092896,
      62.00000047683716,
      74.00000095367432,
      80.0000011920929,
      37.99999952316284,
      80.0000011920929,
      69.9999988079071,
      15.999999642372131,
      86.00000143051147,
      37.99999952316284,
      77.99999713897705,
      47.999998927116394,
      57.999998331069946,
      63.999998569488525,
      46.00000083446503,
      41.999998688697815,
      62.00000047683716,
      62.00000047683716,
      68.00000071525574,
      87.99999952316284,
      75.99999904632568,
      66.00000262260437,
      86.00000143051147,
      46.00000083446503,
      81.99999928474426,
      63.999998569488525,
      80.0000011920929,
      74.00000095367432,
      62.00000047683716,
      34.00000035762787,
      51.99999809265137,
      69.9999988079071,
      68.00000071525574,
      75.99999904632568,
      54.00000214576721,
      66.00000262260437,
      68.00000071525574,
      36.000001430511475,
      66.00000262260437,
      51.99999809265137,
      43.99999976158142,
      46.00000083446503,
      66.00000262260437
    ],
    "num_samples": 10000,
    "compile_backend": "dlcl",
    "compile_error": null,
    "compiler_gap": 0.010001659393310547,
    "inspect_selected": 0,
    "inspect_total": 21379592,
    "inspect_target_total": 5052096,
    "inspect_k_actual": 0.0
  },
  "inspect_opt": {
    "objective": "-lambda_a*sum|u|[Norm(Scomp)+Norm(Sstego)] + lambda_p*(logitMSE + lambda_w*weightMSE) + lambda_t*sum u^2(1-u^2)^2",
    "lambda_a": 0.0,
    "lambda_p": 1.0,
    "lambda_w": 0.0001,
    "lambda_t": 0.01,
    "lambda_trigger_p": 0.0,
    "tau": 999.0,
    "opt_steps": 1,
    "lr": 0.05,
    "max_opt_positions": 820,
    "requested_max_opt_positions": 4096,
    "auto_budget": {
      "auto_budget_enabled": true,
      "scomp_scope": 1728,
      "stego_tensor_count": 37,
      "auto_scomp_param_ratio": 0.12,
      "auto_stego_tensor_ratio": 0.024,
      "auto_scomp_budget": 207,
      "auto_stego_per_tensor": 41,
      "effective_max_opt_positions": 820
    },
    "loss_final": 0.043435897678136826,
    "loss_attack": 0.0,
    "loss_pres": 0.0434333011507988,
    "loss_tri": 0.00025978480698540807,
    "loss_trigger_pres": 0.0,
    "selected": 0,
    "total": 5052096,
    "optimized": 784,
    "steps": 1,
    "steps_run": 1,
    "best_loss": 0.043435897678136826,
    "max_batches": 5,
    "u_trace_total_candidates": 784,
    "u_trace_points_per_step": 784,
    "u_trace_sampled": false,
    "algorithm": "pdf_continuous_u_loss",
    "model_total_2d_params": 21379592,
    "k_star_scope_percent": 0.0,
    "k_star_model_percent": 0.0
  },
  "timing": {
    "pre_eval_time_sec": 49.637985659064725,
    "defense_time_sec": 12.7678793289233,
    "post_eval_time_sec": 44.84278487507254,
    "total_time_sec": 107.24864986306056
  },
  "k_search": [
    {
      "k": 0.0,
      "asr": 51.87000036239624,
      "clean_accuracy": 66.3100004196167,
      "robust_accuracy": 41.20999872684479,
      "inspect_selected": 0,
      "inspect_total": 21379592,
      "inspect_k_actual": 0.0
    }
  ],
  "warnings": [
    "INSPECT-Opt 防御候选采用 balanced Ccomp∪Cstego union，共 15 个参数张量"
  ],
  "notes": [
    "编译器后门主表 ASR 只取编译后模型在触发样本上的 target-label 命中率。",
    "PDF 防御阶段只执行一次：优化连续 u、按 tau 阈值离散化，并报告实际扰动比例 k*。",
    "防御算法为 PDF 版 INSPECT-Opt：先计算 Scomp/Sstego，再对连续变量 u 优化 Lattack + lambda_p Lpres + lambda_t Ltri，最后按 tau 阈值离散化为 Delta∈{-1,0,+1}；模型写回为整段 W'=DeQuant(q+Delta)，k* 只统计 Delta!=0 的比例。",
    "Scomp 真实计算 eager M1 与 compiled C1 中间特征差异；CNN 使用 4x4 spatial block。Sstego/PAI 通过 CNN tensor-base 候选扰动实测 Dacc/DlogitMSE。",
    "compiled 失败时不会用 eager 指标替代 compiled ASR。"
  ]
}

[+] Done. Outputs are in: /home/songyq/test_ssj/outputs/cnn_compiler_ablation_tiny_r34_seed2026/compiler/pure_qdq_only/tiny_r34

[+] All done. Summary: /home/songyq/test_ssj/outputs/cnn_compiler_ablation_tiny_r34_seed2026/compiler/pure_qdq_only/defense_summary.csv
