nohup: ignoring input
===== Tiny-R34 stego ablation =====
Full Ours JSON: outputs/cnn_stego_def_paper_full_seed2026_learned_u_sparse/tiny_r34/defense_result.json
SEL=288
LARGE_SEL=2880

===== 1/4 Random-SameK =====

===== CNN stego defense: Tiny-R34 / ResNet34-TinyImageNet =====
[+] out_dir=/home/songyq/test_ssj/outputs/cnn_stego_ablation_tiny_r34_seed2026/stego/random_same_k/tiny_r34
[+] device=cuda
/home/songyq/test_ssj/cnn_stego_def_paper.py:711: FutureWarning: You are using `torch.load` with `weights_only=False` (the current default value), which uses the default pickle module implicitly. It is possible to construct malicious pickle data which will execute arbitrary code during unpickling (See https://github.com/pytorch/pytorch/blob/main/SECURITY.md#untrusted-models for more details). In a future release, the default value for `weights_only` will be flipped to `True`. This limits the functions that could be executed during unpickling. Arbitrary objects will no longer be allowed to be loaded via this mode unless they are explicitly allowlisted by the user via `torch.serialization.add_safe_globals`. We recommend you start setting `weights_only=True` for any use case where you don't have full control of the loaded file. Please open an issue on GitHub for any issues related to this experimental feature.
  ckpt = torch.load(poison_path, map_location="cpu")
[+] load_state_dict missing=0 unexpected=0
[+] before clean test={'acc': 67.14, 'loss': 1.4446685779571533, 'num_samples': 10000}
[+] before extract={'extract_exact_match': True, 'bit_errors': 0, 'extract_reason': 'success', 'extract_ok': True, 'payload_len': 512}
[+] candidate tensors=37
[1/37] conv1.weight: PAI=0.0057971 acc_shift=0.400000 writable=1674
[2/37] layer1.0.conv1.weight: PAI=5.44693e-06 acc_shift=0.000000 writable=35712
[3/37] layer1.0.conv2.weight: PAI=7.15092e-06 acc_shift=0.000000 writable=35712
[4/37] layer1.1.conv1.weight: PAI=3.8736e-06 acc_shift=0.000000 writable=35712
[5/37] layer1.1.conv2.weight: PAI=1.35924e-06 acc_shift=0.000000 writable=35712
[6/37] layer1.2.conv1.weight: PAI=6.03417e-06 acc_shift=0.000000 writable=35712
[7/37] layer1.2.conv2.weight: PAI=5.68501e-06 acc_shift=0.000000 writable=35712
[8/37] layer2.0.conv1.weight: PAI=9.68229e-06 acc_shift=0.000000 writable=71424
[9/37] layer2.0.conv2.weight: PAI=2.95249e-06 acc_shift=0.000000 writable=142848
[10/37] layer2.0.shortcut.0.weight: PAI=0.000132527 acc_shift=0.000000 writable=7936
[11/37] layer2.1.conv1.weight: PAI=1.79503e-07 acc_shift=0.000000 writable=142848
[12/37] layer2.1.conv2.weight: PAI=1.03129e-06 acc_shift=0.000000 writable=142848
[13/37] layer2.2.conv1.weight: PAI=0 acc_shift=0.000000 writable=142848
[14/37] layer2.2.conv2.weight: PAI=0 acc_shift=0.000000 writable=142848
[15/37] layer2.3.conv1.weight: PAI=1.01535e-06 acc_shift=0.000000 writable=142848
[16/37] layer2.3.conv2.weight: PAI=1.0868e-06 acc_shift=0.000000 writable=142848
[17/37] layer3.0.conv1.weight: PAI=3.40935e-06 acc_shift=0.000000 writable=285696
[18/37] layer3.0.conv2.weight: PAI=1.71864e-06 acc_shift=0.000000 writable=571392
[19/37] layer3.0.shortcut.0.weight: PAI=1.60309e-05 acc_shift=0.000000 writable=31744
[20/37] layer3.1.conv1.weight: PAI=2.91303e-07 acc_shift=0.000000 writable=571392
[21/37] layer3.1.conv2.weight: PAI=4.03048e-07 acc_shift=0.000000 writable=571392
[22/37] layer3.2.conv1.weight: PAI=2.27263e-07 acc_shift=0.000000 writable=571392
[23/37] layer3.2.conv2.weight: PAI=2.48294e-07 acc_shift=0.000000 writable=571392
[24/37] layer3.3.conv1.weight: PAI=6.06487e-07 acc_shift=0.000000 writable=571392
[25/37] layer3.3.conv2.weight: PAI=5.39282e-07 acc_shift=0.000000 writable=571392
[26/37] layer3.4.conv1.weight: PAI=1.00966e-06 acc_shift=0.000000 writable=571392
[27/37] layer3.4.conv2.weight: PAI=5.47244e-07 acc_shift=0.000000 writable=571392
[28/37] layer3.5.conv1.weight: PAI=7.20285e-07 acc_shift=0.000000 writable=571392
[29/37] layer3.5.conv2.weight: PAI=4.77041e-07 acc_shift=0.000000 writable=571392
[30/37] layer4.0.conv1.weight: PAI=4.67855e-06 acc_shift=0.000000 writable=1142784
[31/37] layer4.0.conv2.weight: PAI=6.58868e-06 acc_shift=0.000000 writable=2285568
[32/37] layer4.0.shortcut.0.weight: PAI=3.86355e-06 acc_shift=0.000000 writable=126976
[33/37] layer4.1.conv1.weight: PAI=7.63674e-11 acc_shift=0.000000 writable=2285568
[34/37] layer4.1.conv2.weight: PAI=4.49234e-06 acc_shift=0.000000 writable=2285568
[35/37] layer4.2.conv1.weight: PAI=6.9044e-06 acc_shift=0.000000 writable=2285568
[36/37] layer4.2.conv2.weight: PAI=9.65268e-07 acc_shift=0.000000 writable=2285568
[37/37] linear.weight: PAI=8.65104e-05 acc_shift=0.000000 writable=99200

=== FINAL CNN STEGO DEFENSE RESULT ===
{
  "model_key": "tiny_r34",
  "model_name": "Tiny-R34 / ResNet34-TinyImageNet",
  "poison_path": "/home/songyq/test_ssj/outputs/cnn_stego_attack_paper_full_seed2026/tiny_r34/poison_cnn_stego_best.pth",
  "poison_sha256": "209cff1cf5c56739e90c07643c6b0c0f6d9cb0a3f7942b19b598b644a0b956a0",
  "defended_path": "/home/songyq/test_ssj/outputs/cnn_stego_ablation_tiny_r34_seed2026/stego/random_same_k/tiny_r34/defended_cnn_stego.pth",
  "attack_type": "cnn_stego",
  "defense_algorithm": "INSPECT-Opt-CNN-Stego-Prefix-LSB",
  "q_bits": 8,
  "block_size": 32,
  "target_param_for_eval": "layer4.1.conv1.weight",
  "payload_len_bits": 512,
  "before": {
    "clean_accuracy": 67.14,
    "valid_clean_accuracy": 69.0,
    "extract_exact_match": true,
    "bit_errors": 0,
    "extract_reason": "success",
    "extract_ok": true,
    "payload_len": 512
  },
  "after": {
    "clean_accuracy": 67.14,
    "valid_clean_accuracy": 69.0,
    "extract_exact_match": true,
    "bit_errors": 0,
    "extract_reason": "success",
    "extract_ok": true,
    "payload_len": 512,
    "inspect_selected": 288,
    "inspect_total_2d": 21362368,
    "inspect_k_actual": 0.0013481651472346137
  },
  "inspect_opt": {
    "objective": "Sstego/PAI + writable mask + prefix-position purification; Delta in {-1,+1} on selected LSB positions",
    "scan_max_batches": 5,
    "final_max_batches": 0,
    "probe_positions": 2048,
    "per_tensor_edit_bits": 288,
    "max_tensors": 0,
    "max_total_edit_bits": 288,
    "position_rule": "random",
    "budget_mode": "fixed",
    "pai_floor": 1e-08,
    "auto_score_ratio": 0.25,
    "auto_max_tensors": 8,
    "prefix_header_multiplier": 4,
    "learned_u": null,
    "learned_steps": 80,
    "learned_tau": 0.35,
    "learned_lambda_a": 8.0,
    "learned_lambda_s": 0.0,
    "learned_pool_sqrt_scale": 2.0,
    "learned_max_pool_per_tensor": 1024,
    "learned_max_total_candidates": 8192,
    "selected_tensors": 1,
    "selected_positions": 288,
    "k_star_model_percent": 0.0013481651472346137
  },
  "timing": {
    "total_time_sec": 66.06053888506722
  },
  "notes": [
    "CNN 隐写主指标为 payload extraction：防御前 exact_match=true，防御后 exact_match=false 或 bit_errors>0。",
    "防御不使用 stego_meta.param_name 选择目标；该字段仅用于防御前后提取验证。",
    "候选张量通过 CNN tensor-base PAI 排序，并在 writable mask 的 prefix 位置执行 ±1 低位净化。"
  ]
}

[+] Done. Outputs are in: /home/songyq/test_ssj/outputs/cnn_stego_ablation_tiny_r34_seed2026/stego/random_same_k/tiny_r34

[+] All done. Summary: /home/songyq/test_ssj/outputs/cnn_stego_ablation_tiny_r34_seed2026/stego/random_same_k/defense_summary.csv

===== 2/4 Random-LargeK =====

===== CNN stego defense: Tiny-R34 / ResNet34-TinyImageNet =====
[+] out_dir=/home/songyq/test_ssj/outputs/cnn_stego_ablation_tiny_r34_seed2026/stego/random_large_k/tiny_r34
[+] device=cuda
/home/songyq/test_ssj/cnn_stego_def_paper.py:711: FutureWarning: You are using `torch.load` with `weights_only=False` (the current default value), which uses the default pickle module implicitly. It is possible to construct malicious pickle data which will execute arbitrary code during unpickling (See https://github.com/pytorch/pytorch/blob/main/SECURITY.md#untrusted-models for more details). In a future release, the default value for `weights_only` will be flipped to `True`. This limits the functions that could be executed during unpickling. Arbitrary objects will no longer be allowed to be loaded via this mode unless they are explicitly allowlisted by the user via `torch.serialization.add_safe_globals`. We recommend you start setting `weights_only=True` for any use case where you don't have full control of the loaded file. Please open an issue on GitHub for any issues related to this experimental feature.
  ckpt = torch.load(poison_path, map_location="cpu")
[+] load_state_dict missing=0 unexpected=0
[+] before clean test={'acc': 67.14, 'loss': 1.4446685779571533, 'num_samples': 10000}
[+] before extract={'extract_exact_match': True, 'bit_errors': 0, 'extract_reason': 'success', 'extract_ok': True, 'payload_len': 512}
[+] candidate tensors=37
[1/37] conv1.weight: PAI=0.0057971 acc_shift=0.400000 writable=1674
[2/37] layer1.0.conv1.weight: PAI=5.44693e-06 acc_shift=0.000000 writable=35712
[3/37] layer1.0.conv2.weight: PAI=7.15092e-06 acc_shift=0.000000 writable=35712
[4/37] layer1.1.conv1.weight: PAI=3.8736e-06 acc_shift=0.000000 writable=35712
[5/37] layer1.1.conv2.weight: PAI=1.35924e-06 acc_shift=0.000000 writable=35712
[6/37] layer1.2.conv1.weight: PAI=6.03417e-06 acc_shift=0.000000 writable=35712
[7/37] layer1.2.conv2.weight: PAI=5.68501e-06 acc_shift=0.000000 writable=35712
[8/37] layer2.0.conv1.weight: PAI=9.68229e-06 acc_shift=0.000000 writable=71424
[9/37] layer2.0.conv2.weight: PAI=2.95249e-06 acc_shift=0.000000 writable=142848
[10/37] layer2.0.shortcut.0.weight: PAI=0.000132527 acc_shift=0.000000 writable=7936
[11/37] layer2.1.conv1.weight: PAI=1.79503e-07 acc_shift=0.000000 writable=142848
[12/37] layer2.1.conv2.weight: PAI=1.03129e-06 acc_shift=0.000000 writable=142848
[13/37] layer2.2.conv1.weight: PAI=0 acc_shift=0.000000 writable=142848
[14/37] layer2.2.conv2.weight: PAI=0 acc_shift=0.000000 writable=142848
[15/37] layer2.3.conv1.weight: PAI=1.01535e-06 acc_shift=0.000000 writable=142848
[16/37] layer2.3.conv2.weight: PAI=1.0868e-06 acc_shift=0.000000 writable=142848
[17/37] layer3.0.conv1.weight: PAI=3.40935e-06 acc_shift=0.000000 writable=285696
[18/37] layer3.0.conv2.weight: PAI=1.71864e-06 acc_shift=0.000000 writable=571392
[19/37] layer3.0.shortcut.0.weight: PAI=1.60309e-05 acc_shift=0.000000 writable=31744
[20/37] layer3.1.conv1.weight: PAI=2.91303e-07 acc_shift=0.000000 writable=571392
[21/37] layer3.1.conv2.weight: PAI=4.03048e-07 acc_shift=0.000000 writable=571392
[22/37] layer3.2.conv1.weight: PAI=2.27263e-07 acc_shift=0.000000 writable=571392
[23/37] layer3.2.conv2.weight: PAI=2.48294e-07 acc_shift=0.000000 writable=571392
[24/37] layer3.3.conv1.weight: PAI=6.06487e-07 acc_shift=0.000000 writable=571392
[25/37] layer3.3.conv2.weight: PAI=5.39282e-07 acc_shift=0.000000 writable=571392
[26/37] layer3.4.conv1.weight: PAI=1.00966e-06 acc_shift=0.000000 writable=571392
[27/37] layer3.4.conv2.weight: PAI=5.47244e-07 acc_shift=0.000000 writable=571392
[28/37] layer3.5.conv1.weight: PAI=7.20285e-07 acc_shift=0.000000 writable=571392
[29/37] layer3.5.conv2.weight: PAI=4.77041e-07 acc_shift=0.000000 writable=571392
[30/37] layer4.0.conv1.weight: PAI=4.67855e-06 acc_shift=0.000000 writable=1142784
[31/37] layer4.0.conv2.weight: PAI=6.58868e-06 acc_shift=0.000000 writable=2285568
[32/37] layer4.0.shortcut.0.weight: PAI=3.86355e-06 acc_shift=0.000000 writable=126976
[33/37] layer4.1.conv1.weight: PAI=7.63674e-11 acc_shift=0.000000 writable=2285568
[34/37] layer4.1.conv2.weight: PAI=4.49234e-06 acc_shift=0.000000 writable=2285568
[35/37] layer4.2.conv1.weight: PAI=6.9044e-06 acc_shift=0.000000 writable=2285568
[36/37] layer4.2.conv2.weight: PAI=9.65268e-07 acc_shift=0.000000 writable=2285568
[37/37] linear.weight: PAI=8.65104e-05 acc_shift=0.000000 writable=99200

=== FINAL CNN STEGO DEFENSE RESULT ===
{
  "model_key": "tiny_r34",
  "model_name": "Tiny-R34 / ResNet34-TinyImageNet",
  "poison_path": "/home/songyq/test_ssj/outputs/cnn_stego_attack_paper_full_seed2026/tiny_r34/poison_cnn_stego_best.pth",
  "poison_sha256": "209cff1cf5c56739e90c07643c6b0c0f6d9cb0a3f7942b19b598b644a0b956a0",
  "defended_path": "/home/songyq/test_ssj/outputs/cnn_stego_ablation_tiny_r34_seed2026/stego/random_large_k/tiny_r34/defended_cnn_stego.pth",
  "attack_type": "cnn_stego",
  "defense_algorithm": "INSPECT-Opt-CNN-Stego-Prefix-LSB",
  "q_bits": 8,
  "block_size": 32,
  "target_param_for_eval": "layer4.1.conv1.weight",
  "payload_len_bits": 512,
  "before": {
    "clean_accuracy": 67.14,
    "valid_clean_accuracy": 69.0,
    "extract_exact_match": true,
    "bit_errors": 0,
    "extract_reason": "success",
    "extract_ok": true,
    "payload_len": 512
  },
  "after": {
    "clean_accuracy": 67.14,
    "valid_clean_accuracy": 69.0,
    "extract_exact_match": true,
    "bit_errors": 0,
    "extract_reason": "success",
    "extract_ok": true,
    "payload_len": 512,
    "inspect_selected": 2880,
    "inspect_total_2d": 21362368,
    "inspect_k_actual": 0.013481651472346137
  },
  "inspect_opt": {
    "objective": "Sstego/PAI + writable mask + prefix-position purification; Delta in {-1,+1} on selected LSB positions",
    "scan_max_batches": 5,
    "final_max_batches": 0,
    "probe_positions": 2048,
    "per_tensor_edit_bits": 2880,
    "max_tensors": 0,
    "max_total_edit_bits": 2880,
    "position_rule": "random",
    "budget_mode": "fixed",
    "pai_floor": 1e-08,
    "auto_score_ratio": 0.25,
    "auto_max_tensors": 8,
    "prefix_header_multiplier": 4,
    "learned_u": null,
    "learned_steps": 80,
    "learned_tau": 0.35,
    "learned_lambda_a": 8.0,
    "learned_lambda_s": 0.0,
    "learned_pool_sqrt_scale": 2.0,
    "learned_max_pool_per_tensor": 1024,
    "learned_max_total_candidates": 8192,
    "selected_tensors": 1,
    "selected_positions": 2880,
    "k_star_model_percent": 0.013481651472346137
  },
  "timing": {
    "total_time_sec": 69.22604843403678
  },
  "notes": [
    "CNN 隐写主指标为 payload extraction：防御前 exact_match=true，防御后 exact_match=false 或 bit_errors>0。",
    "防御不使用 stego_meta.param_name 选择目标；该字段仅用于防御前后提取验证。",
    "候选张量通过 CNN tensor-base PAI 排序，并在 writable mask 的 prefix 位置执行 ±1 低位净化。"
  ]
}

[+] Done. Outputs are in: /home/songyq/test_ssj/outputs/cnn_stego_ablation_tiny_r34_seed2026/stego/random_large_k/tiny_r34

[+] All done. Summary: /home/songyq/test_ssj/outputs/cnn_stego_ablation_tiny_r34_seed2026/stego/random_large_k/defense_summary.csv

===== 3/4 w/o Attack Rel. =====

===== CNN stego defense: Tiny-R34 / ResNet34-TinyImageNet =====
[+] out_dir=/home/songyq/test_ssj/outputs/cnn_stego_ablation_tiny_r34_seed2026/stego/wo_attack_rel/tiny_r34
[+] device=cuda
/home/songyq/test_ssj/cnn_stego_def_paper.py:711: FutureWarning: You are using `torch.load` with `weights_only=False` (the current default value), which uses the default pickle module implicitly. It is possible to construct malicious pickle data which will execute arbitrary code during unpickling (See https://github.com/pytorch/pytorch/blob/main/SECURITY.md#untrusted-models for more details). In a future release, the default value for `weights_only` will be flipped to `True`. This limits the functions that could be executed during unpickling. Arbitrary objects will no longer be allowed to be loaded via this mode unless they are explicitly allowlisted by the user via `torch.serialization.add_safe_globals`. We recommend you start setting `weights_only=True` for any use case where you don't have full control of the loaded file. Please open an issue on GitHub for any issues related to this experimental feature.
  ckpt = torch.load(poison_path, map_location="cpu")
[+] load_state_dict missing=0 unexpected=0
[+] before clean test={'acc': 67.14, 'loss': 1.4446685779571533, 'num_samples': 10000}
[+] before extract={'extract_exact_match': True, 'bit_errors': 0, 'extract_reason': 'success', 'extract_ok': True, 'payload_len': 512}
[+] candidate tensors=37
[1/37] conv1.weight: PAI=0.0057971 acc_shift=0.400000 writable=1674
[2/37] layer1.0.conv1.weight: PAI=5.44693e-06 acc_shift=0.000000 writable=35712
[3/37] layer1.0.conv2.weight: PAI=7.15092e-06 acc_shift=0.000000 writable=35712
[4/37] layer1.1.conv1.weight: PAI=3.8736e-06 acc_shift=0.000000 writable=35712
[5/37] layer1.1.conv2.weight: PAI=1.35924e-06 acc_shift=0.000000 writable=35712
[6/37] layer1.2.conv1.weight: PAI=6.03417e-06 acc_shift=0.000000 writable=35712
[7/37] layer1.2.conv2.weight: PAI=5.68501e-06 acc_shift=0.000000 writable=35712
[8/37] layer2.0.conv1.weight: PAI=9.68229e-06 acc_shift=0.000000 writable=71424
[9/37] layer2.0.conv2.weight: PAI=2.95249e-06 acc_shift=0.000000 writable=142848
[10/37] layer2.0.shortcut.0.weight: PAI=0.000132527 acc_shift=0.000000 writable=7936
[11/37] layer2.1.conv1.weight: PAI=1.79503e-07 acc_shift=0.000000 writable=142848
[12/37] layer2.1.conv2.weight: PAI=1.03129e-06 acc_shift=0.000000 writable=142848
[13/37] layer2.2.conv1.weight: PAI=0 acc_shift=0.000000 writable=142848
[14/37] layer2.2.conv2.weight: PAI=0 acc_shift=0.000000 writable=142848
[15/37] layer2.3.conv1.weight: PAI=1.01535e-06 acc_shift=0.000000 writable=142848
[16/37] layer2.3.conv2.weight: PAI=1.0868e-06 acc_shift=0.000000 writable=142848
[17/37] layer3.0.conv1.weight: PAI=3.40935e-06 acc_shift=0.000000 writable=285696
[18/37] layer3.0.conv2.weight: PAI=1.71864e-06 acc_shift=0.000000 writable=571392
[19/37] layer3.0.shortcut.0.weight: PAI=1.60309e-05 acc_shift=0.000000 writable=31744
[20/37] layer3.1.conv1.weight: PAI=2.91303e-07 acc_shift=0.000000 writable=571392
[21/37] layer3.1.conv2.weight: PAI=4.03048e-07 acc_shift=0.000000 writable=571392
[22/37] layer3.2.conv1.weight: PAI=2.27263e-07 acc_shift=0.000000 writable=571392
[23/37] layer3.2.conv2.weight: PAI=2.48294e-07 acc_shift=0.000000 writable=571392
[24/37] layer3.3.conv1.weight: PAI=6.06487e-07 acc_shift=0.000000 writable=571392
[25/37] layer3.3.conv2.weight: PAI=5.39282e-07 acc_shift=0.000000 writable=571392
[26/37] layer3.4.conv1.weight: PAI=1.00966e-06 acc_shift=0.000000 writable=571392
[27/37] layer3.4.conv2.weight: PAI=5.47244e-07 acc_shift=0.000000 writable=571392
[28/37] layer3.5.conv1.weight: PAI=7.20285e-07 acc_shift=0.000000 writable=571392
[29/37] layer3.5.conv2.weight: PAI=4.77041e-07 acc_shift=0.000000 writable=571392
[30/37] layer4.0.conv1.weight: PAI=4.67855e-06 acc_shift=0.000000 writable=1142784
[31/37] layer4.0.conv2.weight: PAI=6.58868e-06 acc_shift=0.000000 writable=2285568
[32/37] layer4.0.shortcut.0.weight: PAI=3.86355e-06 acc_shift=0.000000 writable=126976
[33/37] layer4.1.conv1.weight: PAI=7.63674e-11 acc_shift=0.000000 writable=2285568
[34/37] layer4.1.conv2.weight: PAI=4.49234e-06 acc_shift=0.000000 writable=2285568
[35/37] layer4.2.conv1.weight: PAI=6.9044e-06 acc_shift=0.000000 writable=2285568
[36/37] layer4.2.conv2.weight: PAI=9.65268e-07 acc_shift=0.000000 writable=2285568
[37/37] linear.weight: PAI=8.65104e-05 acc_shift=0.000000 writable=99200
[+] learned_u candidate pool: selected_tensors=3, candidate_positions=2536, tau=0.35, steps=80

=== FINAL CNN STEGO DEFENSE RESULT ===
{
  "model_key": "tiny_r34",
  "model_name": "Tiny-R34 / ResNet34-TinyImageNet",
  "poison_path": "/home/songyq/test_ssj/outputs/cnn_stego_attack_paper_full_seed2026/tiny_r34/poison_cnn_stego_best.pth",
  "poison_sha256": "209cff1cf5c56739e90c07643c6b0c0f6d9cb0a3f7942b19b598b644a0b956a0",
  "defended_path": "/home/songyq/test_ssj/outputs/cnn_stego_ablation_tiny_r34_seed2026/stego/wo_attack_rel/tiny_r34/defended_cnn_stego.pth",
  "attack_type": "cnn_stego",
  "defense_algorithm": "INSPECT-Opt-CNN-Stego-Prefix-LSB",
  "q_bits": 8,
  "block_size": 32,
  "target_param_for_eval": "layer4.1.conv1.weight",
  "payload_len_bits": 512,
  "before": {
    "clean_accuracy": 67.14,
    "valid_clean_accuracy": 69.0,
    "extract_exact_match": true,
    "bit_errors": 0,
    "extract_reason": "success",
    "extract_ok": true,
    "payload_len": 512
  },
  "after": {
    "clean_accuracy": 67.14,
    "valid_clean_accuracy": 69.0,
    "extract_exact_match": true,
    "bit_errors": 0,
    "extract_reason": "success",
    "extract_ok": true,
    "payload_len": 512,
    "inspect_selected": 0,
    "inspect_total_2d": 21362368,
    "inspect_k_actual": 0.0
  },
  "inspect_opt": {
    "objective": "Sstego/PAI + writable mask + prefix-position purification; Delta in {-1,+1} on selected LSB positions",
    "scan_max_batches": 5,
    "final_max_batches": 0,
    "probe_positions": 2048,
    "per_tensor_edit_bits": 4096,
    "max_tensors": 0,
    "max_total_edit_bits": 0,
    "position_rule": "prefix",
    "budget_mode": "learned_u",
    "pai_floor": 1e-08,
    "auto_score_ratio": 0.25,
    "auto_max_tensors": 8,
    "prefix_header_multiplier": 4,
    "learned_u": {
      "budget_mode": "learned_u",
      "candidate_positions": 2536,
      "selected_tensors": 3,
      "selected_positions": 0,
      "tau": 0.35,
      "steps": 80,
      "best_loss": 3.819118798986665e-09,
      "history_tail": [
        {
          "step": 76,
          "loss": 5.632402544364368e-09,
          "loss_attack": -0.0,
          "loss_sparse": 0.0,
          "loss_pres": 7.63674193327013e-11,
          "loss_tri": 5.501025270859827e-07,
          "loss_weight": 5.501033797372656e-07,
          "selected_now": 0
        },
        {
          "step": 77,
          "loss": 3.819118798986665e-09,
          "loss_attack": -0.0,
          "loss_sparse": 0.0,
          "loss_pres": 7.63674193327013e-11,
          "loss_tri": 3.7056943824609334e-07,
          "loss_weight": 3.705699782585725e-07,
          "selected_now": 0
        },
        {
          "step": 78,
          "loss": 4.819748600226603e-09,
          "loss_attack": -0.0,
          "loss_sparse": 0.0,
          "loss_pres": 7.63674193327013e-11,
          "loss_tri": 4.696417192917579e-07,
          "loss_weight": 4.696423729910748e-07,
          "selected_now": 0
        },
        {
          "step": 79,
          "loss": 5.5948148336426584e-09,
          "loss_attack": -0.0,
          "loss_sparse": 0.0,
          "loss_pres": 7.63674193327013e-11,
          "loss_tri": 5.463809316097468e-07,
          "loss_weight": 5.463817842610297e-07,
          "selected_now": 0
        },
        {
          "step": 80,
          "loss": 4.029197864241496e-09,
          "loss_attack": -0.0,
          "loss_sparse": 0.0,
          "loss_pres": 7.63674193327013e-11,
          "loss_tri": 3.9136935470196477e-07,
          "loss_weight": 3.9136980944931565e-07,
          "selected_now": 0
        }
      ]
    },
    "learned_steps": 80,
    "learned_tau": 0.35,
    "learned_lambda_a": 0.0,
    "learned_lambda_s": 0.0,
    "learned_pool_sqrt_scale": 2.0,
    "learned_max_pool_per_tensor": 1024,
    "learned_max_total_candidates": 8192,
    "selected_tensors": 3,
    "selected_positions": 0,
    "k_star_model_percent": 0.0
  },
  "timing": {
    "total_time_sec": 122.48314471996855
  },
  "notes": [
    "CNN 隐写主指标为 payload extraction：防御前 exact_match=true，防御后 exact_match=false 或 bit_errors>0。",
    "防御不使用 stego_meta.param_name 选择目标；该字段仅用于防御前后提取验证。",
    "候选张量通过 CNN tensor-base PAI 排序，并在 writable mask 的 prefix 位置执行 ±1 低位净化。"
  ]
}

[+] Done. Outputs are in: /home/songyq/test_ssj/outputs/cnn_stego_ablation_tiny_r34_seed2026/stego/wo_attack_rel/tiny_r34

[+] All done. Summary: /home/songyq/test_ssj/outputs/cnn_stego_ablation_tiny_r34_seed2026/stego/wo_attack_rel/defense_summary.csv

===== 4/4 w/o Utility Sens. =====

===== CNN stego defense: Tiny-R34 / ResNet34-TinyImageNet =====
[+] out_dir=/home/songyq/test_ssj/outputs/cnn_stego_ablation_tiny_r34_seed2026/stego/wo_utility_sens/tiny_r34
[+] device=cuda
/home/songyq/test_ssj/cnn_stego_def_paper.py:711: FutureWarning: You are using `torch.load` with `weights_only=False` (the current default value), which uses the default pickle module implicitly. It is possible to construct malicious pickle data which will execute arbitrary code during unpickling (See https://github.com/pytorch/pytorch/blob/main/SECURITY.md#untrusted-models for more details). In a future release, the default value for `weights_only` will be flipped to `True`. This limits the functions that could be executed during unpickling. Arbitrary objects will no longer be allowed to be loaded via this mode unless they are explicitly allowlisted by the user via `torch.serialization.add_safe_globals`. We recommend you start setting `weights_only=True` for any use case where you don't have full control of the loaded file. Please open an issue on GitHub for any issues related to this experimental feature.
  ckpt = torch.load(poison_path, map_location="cpu")
[+] load_state_dict missing=0 unexpected=0
[+] before clean test={'acc': 67.14, 'loss': 1.4446685779571533, 'num_samples': 10000}
[+] before extract={'extract_exact_match': True, 'bit_errors': 0, 'extract_reason': 'success', 'extract_ok': True, 'payload_len': 512}
[+] candidate tensors=37
[1/37] conv1.weight: PAI=0.0057971 acc_shift=0.400000 writable=1674
[2/37] layer1.0.conv1.weight: PAI=5.44693e-06 acc_shift=0.000000 writable=35712
[3/37] layer1.0.conv2.weight: PAI=7.15092e-06 acc_shift=0.000000 writable=35712
[4/37] layer1.1.conv1.weight: PAI=3.8736e-06 acc_shift=0.000000 writable=35712
[5/37] layer1.1.conv2.weight: PAI=1.35924e-06 acc_shift=0.000000 writable=35712
[6/37] layer1.2.conv1.weight: PAI=6.03417e-06 acc_shift=0.000000 writable=35712
[7/37] layer1.2.conv2.weight: PAI=5.68501e-06 acc_shift=0.000000 writable=35712
[8/37] layer2.0.conv1.weight: PAI=9.68229e-06 acc_shift=0.000000 writable=71424
[9/37] layer2.0.conv2.weight: PAI=2.95249e-06 acc_shift=0.000000 writable=142848
[10/37] layer2.0.shortcut.0.weight: PAI=0.000132527 acc_shift=0.000000 writable=7936
[11/37] layer2.1.conv1.weight: PAI=1.79503e-07 acc_shift=0.000000 writable=142848
[12/37] layer2.1.conv2.weight: PAI=1.03129e-06 acc_shift=0.000000 writable=142848
[13/37] layer2.2.conv1.weight: PAI=0 acc_shift=0.000000 writable=142848
[14/37] layer2.2.conv2.weight: PAI=0 acc_shift=0.000000 writable=142848
[15/37] layer2.3.conv1.weight: PAI=1.01535e-06 acc_shift=0.000000 writable=142848
[16/37] layer2.3.conv2.weight: PAI=1.0868e-06 acc_shift=0.000000 writable=142848
[17/37] layer3.0.conv1.weight: PAI=3.40935e-06 acc_shift=0.000000 writable=285696
[18/37] layer3.0.conv2.weight: PAI=1.71864e-06 acc_shift=0.000000 writable=571392
[19/37] layer3.0.shortcut.0.weight: PAI=1.60309e-05 acc_shift=0.000000 writable=31744
[20/37] layer3.1.conv1.weight: PAI=2.91303e-07 acc_shift=0.000000 writable=571392
[21/37] layer3.1.conv2.weight: PAI=4.03048e-07 acc_shift=0.000000 writable=571392
[22/37] layer3.2.conv1.weight: PAI=2.27263e-07 acc_shift=0.000000 writable=571392
[23/37] layer3.2.conv2.weight: PAI=2.48294e-07 acc_shift=0.000000 writable=571392
[24/37] layer3.3.conv1.weight: PAI=6.06487e-07 acc_shift=0.000000 writable=571392
[25/37] layer3.3.conv2.weight: PAI=5.39282e-07 acc_shift=0.000000 writable=571392
[26/37] layer3.4.conv1.weight: PAI=1.00966e-06 acc_shift=0.000000 writable=571392
[27/37] layer3.4.conv2.weight: PAI=5.47244e-07 acc_shift=0.000000 writable=571392
[28/37] layer3.5.conv1.weight: PAI=7.20285e-07 acc_shift=0.000000 writable=571392
[29/37] layer3.5.conv2.weight: PAI=4.77041e-07 acc_shift=0.000000 writable=571392
[30/37] layer4.0.conv1.weight: PAI=4.67855e-06 acc_shift=0.000000 writable=1142784
[31/37] layer4.0.conv2.weight: PAI=6.58868e-06 acc_shift=0.000000 writable=2285568
[32/37] layer4.0.shortcut.0.weight: PAI=3.86355e-06 acc_shift=0.000000 writable=126976
[33/37] layer4.1.conv1.weight: PAI=7.63674e-11 acc_shift=0.000000 writable=2285568
[34/37] layer4.1.conv2.weight: PAI=4.49234e-06 acc_shift=0.000000 writable=2285568
[35/37] layer4.2.conv1.weight: PAI=6.9044e-06 acc_shift=0.000000 writable=2285568
[36/37] layer4.2.conv2.weight: PAI=9.65268e-07 acc_shift=0.000000 writable=2285568
[37/37] linear.weight: PAI=8.65104e-05 acc_shift=0.000000 writable=99200
[+] learned_u candidate pool: selected_tensors=3, candidate_positions=2536, tau=0.35, steps=80

=== FINAL CNN STEGO DEFENSE RESULT ===
{
  "model_key": "tiny_r34",
  "model_name": "Tiny-R34 / ResNet34-TinyImageNet",
  "poison_path": "/home/songyq/test_ssj/outputs/cnn_stego_attack_paper_full_seed2026/tiny_r34/poison_cnn_stego_best.pth",
  "poison_sha256": "209cff1cf5c56739e90c07643c6b0c0f6d9cb0a3f7942b19b598b644a0b956a0",
  "defended_path": "/home/songyq/test_ssj/outputs/cnn_stego_ablation_tiny_r34_seed2026/stego/wo_utility_sens/tiny_r34/defended_cnn_stego.pth",
  "attack_type": "cnn_stego",
  "defense_algorithm": "INSPECT-Opt-CNN-Stego-Prefix-LSB",
  "q_bits": 8,
  "block_size": 32,
  "target_param_for_eval": "layer4.1.conv1.weight",
  "payload_len_bits": 512,
  "before": {
    "clean_accuracy": 67.14,
    "valid_clean_accuracy": 69.0,
    "extract_exact_match": true,
    "bit_errors": 0,
    "extract_reason": "success",
    "extract_ok": true,
    "payload_len": 512
  },
  "after": {
    "clean_accuracy": 67.14,
    "valid_clean_accuracy": 69.0,
    "extract_exact_match": false,
    "bit_errors": null,
    "extract_reason": "invalid_n",
    "extract_ok": false,
    "payload_len": null,
    "inspect_selected": 2536,
    "inspect_total_2d": 21362368,
    "inspect_k_actual": 0.011871343102038126
  },
  "inspect_opt": {
    "objective": "Sstego/PAI + writable mask + prefix-position purification; Delta in {-1,+1} on selected LSB positions",
    "scan_max_batches": 5,
    "final_max_batches": 0,
    "probe_positions": 2048,
    "per_tensor_edit_bits": 4096,
    "max_tensors": 0,
    "max_total_edit_bits": 0,
    "position_rule": "prefix",
    "budget_mode": "learned_u",
    "pai_floor": 1e-08,
    "auto_score_ratio": 0.25,
    "auto_max_tensors": 8,
    "prefix_header_multiplier": 4,
    "learned_u": {
      "budget_mode": "learned_u",
      "candidate_positions": 2536,
      "selected_tensors": 3,
      "selected_positions": 2536,
      "tau": 0.35,
      "steps": 80,
      "best_loss": -115.88848876953125,
      "history_tail": [
        {
          "step": 76,
          "loss": -115.81126403808594,
          "loss_attack": -115.81127166748047,
          "loss_sparse": 0.0,
          "loss_pres": 7.63674193327013e-11,
          "loss_tri": 0.000576233200263232,
          "loss_weight": 0.9756982326507568,
          "selected_now": 2536
        },
        {
          "step": 77,
          "loss": -115.83138275146484,
          "loss_attack": -115.83139038085938,
          "loss_sparse": 0.0,
          "loss_pres": 7.63674193327013e-11,
          "loss_tri": 0.0005604589241556823,
          "loss_weight": 0.9760373830795288,
          "selected_now": 2536
        },
        {
          "step": 78,
          "loss": -115.85094451904297,
          "loss_attack": -115.8509521484375,
          "loss_sparse": 0.0,
          "loss_pres": 7.63674193327013e-11,
          "loss_tri": 0.0005453279591165483,
          "loss_weight": 0.9763671159744263,
          "selected_now": 2536
        },
        {
          "step": 79,
          "loss": -115.8699722290039,
          "loss_attack": -115.86997985839844,
          "loss_sparse": 0.0,
          "loss_pres": 7.63674193327013e-11,
          "loss_tri": 0.0005308011895976961,
          "loss_weight": 0.9766878485679626,
          "selected_now": 2536
        },
        {
          "step": 80,
          "loss": -115.88848876953125,
          "loss_attack": -115.88849639892578,
          "loss_sparse": 0.0,
          "loss_pres": 7.63674193327013e-11,
          "loss_tri": 0.0005168429925106466,
          "loss_weight": 0.9769999980926514,
          "selected_now": 2536
        }
      ]
    },
    "learned_steps": 80,
    "learned_tau": 0.35,
    "learned_lambda_a": 8.0,
    "learned_lambda_s": 0.0,
    "learned_pool_sqrt_scale": 2.0,
    "learned_max_pool_per_tensor": 1024,
    "learned_max_total_candidates": 8192,
    "selected_tensors": 3,
    "selected_positions": 2536,
    "k_star_model_percent": 0.011871343102038126
  },
  "timing": {
    "total_time_sec": 120.50366767100058
  },
  "notes": [
    "CNN 隐写主指标为 payload extraction：防御前 exact_match=true，防御后 exact_match=false 或 bit_errors>0。",
    "防御不使用 stego_meta.param_name 选择目标；该字段仅用于防御前后提取验证。",
    "候选张量通过 CNN tensor-base PAI 排序，并在 writable mask 的 prefix 位置执行 ±1 低位净化。"
  ]
}

[+] Done. Outputs are in: /home/songyq/test_ssj/outputs/cnn_stego_ablation_tiny_r34_seed2026/stego/wo_utility_sens/tiny_r34

[+] All done. Summary: /home/songyq/test_ssj/outputs/cnn_stego_ablation_tiny_r34_seed2026/stego/wo_utility_sens/defense_summary.csv

===== quick check =====

====================================================================================================
Full Ours outputs/cnn_stego_def_paper_full_seed2026_learned_u_sparse/tiny_r34/defense_result.json
before_acc: 67.14
after_acc: 67.14
selected: 288
k: 0.0013481651472346137
before_match: None
after_match: None
before_exact: True
after_exact: False
before_bit_errors: 0
after_bit_errors: None
budget_mode: None
position_rule: None

====================================================================================================
Random-SameK outputs/cnn_stego_ablation_tiny_r34_seed2026/stego/random_same_k/tiny_r34/defense_result.json
before_acc: 67.14
after_acc: 67.14
selected: 288
k: 0.0013481651472346137
before_match: None
after_match: None
before_exact: True
after_exact: True
before_bit_errors: 0
after_bit_errors: 0
budget_mode: None
position_rule: None

====================================================================================================
Random-LargeK outputs/cnn_stego_ablation_tiny_r34_seed2026/stego/random_large_k/tiny_r34/defense_result.json
before_acc: 67.14
after_acc: 67.14
selected: 2880
k: 0.013481651472346137
before_match: None
after_match: None
before_exact: True
after_exact: True
before_bit_errors: 0
after_bit_errors: 0
budget_mode: None
position_rule: None

====================================================================================================
w/o Attack Rel. outputs/cnn_stego_ablation_tiny_r34_seed2026/stego/wo_attack_rel/tiny_r34/defense_result.json
before_acc: 67.14
after_acc: 67.14
selected: 0
k: 0.0
before_match: None
after_match: None
before_exact: True
after_exact: True
before_bit_errors: 0
after_bit_errors: 0
budget_mode: None
position_rule: None

====================================================================================================
w/o Utility Sens. outputs/cnn_stego_ablation_tiny_r34_seed2026/stego/wo_utility_sens/tiny_r34/defense_result.json
before_acc: 67.14
after_acc: 67.14
selected: 2536
k: 0.011871343102038126
before_match: None
after_match: None
before_exact: True
after_exact: False
before_bit_errors: 0
after_bit_errors: None
budget_mode: None
position_rule: None

===== All Tiny-R34 stego ablations done =====
